d:\github\hasher\hasher\output\x64\debug\hasher.pch
d:\github\hasher\hasher\output\x64\debug\vc142.pdb
d:\github\hasher\hasher\output\x64\debug\pch.obj
d:\github\hasher\hasher\output\x64\debug\hasherdlg.obj
d:\github\hasher\hasher\output\x64\debug\hasher.obj
d:\github\hasher\hasher\output\x64\debug\.netframework,version=v4.0.assemblyattributes.obj
d:\github\hasher\hasher\output\x64\debug\.netframework,version=v4.0.assemblyattributes.asm
d:\github\hasher\hasher\output\x64\debug\hasher.exe
d:\github\hasher\hasher\output\x64\debug\hasher.pdb
d:\github\hasher\hasher\output\x64\debug\hasher.res
d:\github\hasher\hasher\output\x64\debug\hasher.vcxprojassemblyreference.cache
d:\github\hasher\hasher\output\x64\debug\hasher.exe.metagen
d:\github\hasher\hasher\output\x64\debug\hasher.tlog\cl.command.1.tlog
d:\github\hasher\hasher\output\x64\debug\hasher.tlog\cl.read.1.tlog
d:\github\hasher\hasher\output\x64\debug\hasher.tlog\cl.write.1.tlog
d:\github\hasher\hasher\output\x64\debug\hasher.tlog\link.15176.delete.1.tlog
d:\github\hasher\hasher\output\x64\debug\hasher.tlog\link.16188.delete.1.tlog
d:\github\hasher\hasher\output\x64\debug\hasher.tlog\link.command.1.tlog
d:\github\hasher\hasher\output\x64\debug\hasher.tlog\link.read.1.tlog
d:\github\hasher\hasher\output\x64\debug\hasher.tlog\link.write.1.tlog
d:\github\hasher\hasher\output\x64\debug\hasher.tlog\metagen.read.1.tlog
d:\github\hasher\hasher\output\x64\debug\hasher.tlog\metagen.write.1.tlog
d:\github\hasher\hasher\output\x64\debug\hasher.tlog\rc.command.1.tlog
d:\github\hasher\hasher\output\x64\debug\hasher.tlog\rc.read.1.tlog
d:\github\hasher\hasher\output\x64\debug\hasher.tlog\rc.write.1.tlog
